<?xml version="1.0" encoding="utf-8"?>
<CoverageSession xmlns:xsd="http://www.w3.org/2001/XMLSchema" xmlns:xsi="http://www.w3.org/2001/XMLSchema-instance" Version="0.0.0.0">
  <Summary numSequencePoints="269" visitedSequencePoints="261" numBranchPoints="0" visitedBranchPoints="0" sequenceCoverage="97.03" branchCoverage="0.0" maxCyclomaticComplexity="0" minCyclomaticComplexity="0" maxCrapScore="0" minCrapScore="0" visitedClasses="8" numClasses="8" visitedMethods="28" numMethods="28" />
  <Modules>
    <Module>
      <Summary numSequencePoints="142" visitedSequencePoints="134" numBranchPoints="0" visitedBranchPoints="0" sequenceCoverage="94.37" branchCoverage="0.0" maxCyclomaticComplexity="0" minCyclomaticComplexity="0" maxCrapScore="0" minCrapScore="0" visitedClasses="3" numClasses="3" visitedMethods="15" numMethods="15" />
      <ModuleTime>0001-01-01T00:00:00</ModuleTime>
      <ModuleName>Assembly-CSharp</ModuleName>
      <Files>
        <File uid="1" fullPath="/home/ggenjoyer/Documents/myunity/allmyfiles/labs/3lab/zips/lab1tests/lab1/Assets/Scripts/Cell.cs" />
        <File uid="2" fullPath="/home/ggenjoyer/Documents/myunity/allmyfiles/labs/3lab/zips/lab1tests/lab1/Assets/Scripts/CellView.cs" />
        <File uid="3" fullPath="/home/ggenjoyer/Documents/myunity/allmyfiles/labs/3lab/zips/lab1tests/lab1/Assets/Scripts/GameField.cs" />
      </Files>
      <Classes>
        <Class>
          <Summary numSequencePoints="24" visitedSequencePoints="24" numBranchPoints="0" visitedBranchPoints="0" sequenceCoverage="100.0" branchCoverage="0.0" maxCyclomaticComplexity="0" minCyclomaticComplexity="0" maxCrapScore="0" minCrapScore="0" visitedClasses="1" numClasses="1" visitedMethods="5" numMethods="5" />
          <FullName>Cell</FullName>
          <Methods>
            <Method visited="true" cyclomaticComplexity="0" nPathComplexity="0" sequenceCoverage="100.0" branchCoverage="0" crapScore="0" isConstructor="false" isStatic="false" isGetter="true" isSetter="false">
              <Summary numSequencePoints="1" visitedSequencePoints="1" numBranchPoints="0" visitedBranchPoints="0" sequenceCoverage="100.0" branchCoverage="0" maxCyclomaticComplexity="0" minCyclomaticComplexity="0" maxCrapScore="0" minCrapScore="0" visitedClasses="0" numClasses="0" visitedMethods="1" numMethods="1" />
              <MetadataToken>100663297</MetadataToken>
              <Name>UnityEngine.Vector2Int Cell::get_Position()</Name>
              <FileRef uid="1" />
              <SequencePoints>
                <SequencePoint vc="2468" uspid="276" ordinal="0" offset="0" sl="9" sc="16" el="9" ec="16" bec="0" bev="0" fileid="1" />
              </SequencePoints>
              <BranchPoints />
            </Method>
            <Method visited="true" cyclomaticComplexity="0" nPathComplexity="0" sequenceCoverage="100.0" branchCoverage="0" crapScore="0" isConstructor="false" isStatic="false" isGetter="false" isSetter="true">
              <Summary numSequencePoints="8" visitedSequencePoints="8" numBranchPoints="0" visitedBranchPoints="0" sequenceCoverage="100.0" branchCoverage="0" maxCyclomaticComplexity="0" minCyclomaticComplexity="0" maxCrapScore="0" minCrapScore="0" visitedClasses="0" numClasses="0" visitedMethods="1" numMethods="1" />
              <MetadataToken>100663298</MetadataToken>
              <Name>System.Void Cell::set_Position(UnityEngine.Vector2Int)</Name>
              <FileRef uid="1" />
              <SequencePoints>
                <SequencePoint vc="2" uspid="277" ordinal="0" offset="0" sl="11" sc="9" el="11" ec="9" bec="0" bev="0" fileid="1" />
                <SequencePoint vc="2" uspid="278" ordinal="0" offset="1" sl="12" sc="13" el="12" ec="13" bec="0" bev="0" fileid="1" />
                <SequencePoint vc="1" uspid="279" ordinal="0" offset="17" sl="13" sc="13" el="13" ec="13" bec="0" bev="0" fileid="1" />
                <SequencePoint vc="1" uspid="280" ordinal="0" offset="18" sl="14" sc="17" el="14" ec="17" bec="0" bev="0" fileid="1" />
                <SequencePoint vc="1" uspid="281" ordinal="0" offset="25" sl="15" sc="17" el="15" ec="17" bec="0" bev="0" fileid="1" />
                <SequencePoint vc="1" uspid="282" ordinal="0" offset="52" sl="16" sc="17" el="16" ec="17" bec="0" bev="0" fileid="1" />
                <SequencePoint vc="1" uspid="283" ordinal="0" offset="77" sl="17" sc="13" el="17" ec="13" bec="0" bev="0" fileid="1" />
                <SequencePoint vc="2" uspid="284" ordinal="0" offset="78" sl="18" sc="9" el="18" ec="9" bec="0" bev="0" fileid="1" />
              </SequencePoints>
              <BranchPoints />
            </Method>
            <Method visited="true" cyclomaticComplexity="0" nPathComplexity="0" sequenceCoverage="100.0" branchCoverage="0" crapScore="0" isConstructor="false" isStatic="false" isGetter="true" isSetter="false">
              <Summary numSequencePoints="1" visitedSequencePoints="1" numBranchPoints="0" visitedBranchPoints="0" sequenceCoverage="100.0" branchCoverage="0" maxCyclomaticComplexity="0" minCyclomaticComplexity="0" maxCrapScore="0" minCrapScore="0" visitedClasses="0" numClasses="0" visitedMethods="1" numMethods="1" />
              <MetadataToken>100663299</MetadataToken>
              <Name>System.Int32 Cell::get_Value()</Name>
              <FileRef uid="1" />
              <SequencePoints>
                <SequencePoint vc="38" uspid="285" ordinal="0" offset="0" sl="24" sc="16" el="24" ec="16" bec="0" bev="0" fileid="1" />
              </SequencePoints>
              <BranchPoints />
            </Method>
            <Method visited="true" cyclomaticComplexity="0" nPathComplexity="0" sequenceCoverage="100.0" branchCoverage="0" crapScore="0" isConstructor="false" isStatic="false" isGetter="false" isSetter="true">
              <Summary numSequencePoints="8" visitedSequencePoints="8" numBranchPoints="0" visitedBranchPoints="0" sequenceCoverage="100.0" branchCoverage="0" maxCyclomaticComplexity="0" minCyclomaticComplexity="0" maxCrapScore="0" minCrapScore="0" visitedClasses="0" numClasses="0" visitedMethods="1" numMethods="1" />
              <MetadataToken>100663300</MetadataToken>
              <Name>System.Void Cell::set_Value(System.Int32)</Name>
              <FileRef uid="1" />
              <SequencePoints>
                <SequencePoint vc="2" uspid="286" ordinal="0" offset="0" sl="26" sc="9" el="26" ec="9" bec="0" bev="0" fileid="1" />
                <SequencePoint vc="2" uspid="287" ordinal="0" offset="1" sl="27" sc="13" el="27" ec="13" bec="0" bev="0" fileid="1" />
                <SequencePoint vc="1" uspid="288" ordinal="0" offset="17" sl="28" sc="13" el="28" ec="13" bec="0" bev="0" fileid="1" />
                <SequencePoint vc="1" uspid="289" ordinal="0" offset="18" sl="29" sc="17" el="29" ec="17" bec="0" bev="0" fileid="1" />
                <SequencePoint vc="1" uspid="290" ordinal="0" offset="25" sl="30" sc="17" el="30" ec="17" bec="0" bev="0" fileid="1" />
                <SequencePoint vc="1" uspid="291" ordinal="0" offset="52" sl="31" sc="17" el="31" ec="17" bec="0" bev="0" fileid="1" />
                <SequencePoint vc="1" uspid="292" ordinal="0" offset="77" sl="32" sc="13" el="32" ec="13" bec="0" bev="0" fileid="1" />
                <SequencePoint vc="2" uspid="293" ordinal="0" offset="78" sl="33" sc="9" el="33" ec="9" bec="0" bev="0" fileid="1" />
              </SequencePoints>
              <BranchPoints />
            </Method>
            <Method visited="true" cyclomaticComplexity="0" nPathComplexity="0" sequenceCoverage="100.0" branchCoverage="0" crapScore="0" isConstructor="true" isStatic="false" isGetter="false" isSetter="false">
              <Summary numSequencePoints="6" visitedSequencePoints="6" numBranchPoints="0" visitedBranchPoints="0" sequenceCoverage="100.0" branchCoverage="0" maxCyclomaticComplexity="0" minCyclomaticComplexity="0" maxCrapScore="0" minCrapScore="0" visitedClasses="0" numClasses="0" visitedMethods="1" numMethods="1" />
              <MetadataToken>100663305</MetadataToken>
              <Name>Cell::Cell(UnityEngine.Vector2Int, System.Int32)</Name>
              <FileRef uid="1" />
              <SequencePoints>
                <SequencePoint vc="25" uspid="294" ordinal="0" offset="0" sl="39" sc="5" el="39" ec="5" bec="0" bev="0" fileid="1" />
                <SequencePoint vc="25" uspid="295" ordinal="0" offset="7" sl="40" sc="5" el="40" ec="5" bec="0" bev="0" fileid="1" />
                <SequencePoint vc="25" uspid="296" ordinal="0" offset="8" sl="41" sc="9" el="41" ec="9" bec="0" bev="0" fileid="1" />
                <SequencePoint vc="25" uspid="297" ordinal="0" offset="15" sl="42" sc="9" el="42" ec="9" bec="0" bev="0" fileid="1" />
                <SequencePoint vc="25" uspid="298" ordinal="0" offset="22" sl="43" sc="9" el="43" ec="9" bec="0" bev="0" fileid="1" />
                <SequencePoint vc="25" uspid="299" ordinal="0" offset="50" sl="44" sc="5" el="44" ec="5" bec="0" bev="0" fileid="1" />
              </SequencePoints>
              <BranchPoints />
            </Method>
          </Methods>
        </Class>
        <Class>
          <Summary numSequencePoints="42" visitedSequencePoints="39" numBranchPoints="0" visitedBranchPoints="0" sequenceCoverage="92.86" branchCoverage="0.0" maxCyclomaticComplexity="0" minCyclomaticComplexity="0" maxCrapScore="0" minCrapScore="0" visitedClasses="1" numClasses="1" visitedMethods="5" numMethods="5" />
          <FullName>CellView</FullName>
          <Methods>
            <Method visited="true" cyclomaticComplexity="0" nPathComplexity="0" sequenceCoverage="100.0" branchCoverage="0" crapScore="0" isConstructor="false" isStatic="false" isGetter="false" isSetter="false">
              <Summary numSequencePoints="4" visitedSequencePoints="4" numBranchPoints="0" visitedBranchPoints="0" sequenceCoverage="100.0" branchCoverage="0" maxCyclomaticComplexity="0" minCyclomaticComplexity="0" maxCrapScore="0" minCrapScore="0" visitedClasses="0" numClasses="0" visitedMethods="1" numMethods="1" />
              <MetadataToken>100663306</MetadataToken>
              <Name>System.Void CellView::Awake()</Name>
              <FileRef uid="2" />
              <SequencePoints>
                <SequencePoint vc="1" uspid="300" ordinal="0" offset="0" sl="12" sc="5" el="12" ec="5" bec="0" bev="0" fileid="2" />
                <SequencePoint vc="1" uspid="301" ordinal="0" offset="1" sl="13" sc="9" el="13" ec="9" bec="0" bev="0" fileid="2" />
                <SequencePoint vc="1" uspid="302" ordinal="0" offset="13" sl="14" sc="9" el="14" ec="9" bec="0" bev="0" fileid="2" />
                <SequencePoint vc="1" uspid="303" ordinal="0" offset="24" sl="15" sc="5" el="15" ec="5" bec="0" bev="0" fileid="2" />
              </SequencePoints>
              <BranchPoints />
            </Method>
            <Method visited="true" cyclomaticComplexity="0" nPathComplexity="0" sequenceCoverage="100.0" branchCoverage="0" crapScore="0" isConstructor="false" isStatic="false" isGetter="false" isSetter="false">
              <Summary numSequencePoints="9" visitedSequencePoints="9" numBranchPoints="0" visitedBranchPoints="0" sequenceCoverage="100.0" branchCoverage="0" maxCyclomaticComplexity="0" minCyclomaticComplexity="0" maxCrapScore="0" minCrapScore="0" visitedClasses="0" numClasses="0" visitedMethods="1" numMethods="1" />
              <MetadataToken>100663307</MetadataToken>
              <Name>System.Void CellView::Init(Cell, GameField)</Name>
              <FileRef uid="2" />
              <SequencePoints>
                <SequencePoint vc="18" uspid="304" ordinal="0" offset="0" sl="18" sc="5" el="18" ec="5" bec="0" bev="0" fileid="2" />
                <SequencePoint vc="18" uspid="305" ordinal="0" offset="1" sl="19" sc="9" el="19" ec="9" bec="0" bev="0" fileid="2" />
                <SequencePoint vc="18" uspid="306" ordinal="0" offset="8" sl="20" sc="9" el="20" ec="9" bec="0" bev="0" fileid="2" />
                <SequencePoint vc="18" uspid="307" ordinal="0" offset="15" sl="21" sc="9" el="21" ec="9" bec="0" bev="0" fileid="2" />
                <SequencePoint vc="18" uspid="308" ordinal="0" offset="63" sl="22" sc="9" el="22" ec="9" bec="0" bev="0" fileid="2" />
                <SequencePoint vc="18" uspid="309" ordinal="0" offset="87" sl="23" sc="9" el="23" ec="9" bec="0" bev="0" fileid="2" />
                <SequencePoint vc="18" uspid="310" ordinal="0" offset="111" sl="24" sc="9" el="24" ec="9" bec="0" bev="0" fileid="2" />
                <SequencePoint vc="18" uspid="311" ordinal="0" offset="135" sl="25" sc="9" el="25" ec="9" bec="0" bev="0" fileid="2" />
                <SequencePoint vc="18" uspid="312" ordinal="0" offset="159" sl="26" sc="5" el="26" ec="5" bec="0" bev="0" fileid="2" />
              </SequencePoints>
              <BranchPoints />
            </Method>
            <Method visited="true" cyclomaticComplexity="0" nPathComplexity="0" sequenceCoverage="100.0" branchCoverage="0" crapScore="0" isConstructor="false" isStatic="false" isGetter="false" isSetter="false">
              <Summary numSequencePoints="8" visitedSequencePoints="8" numBranchPoints="0" visitedBranchPoints="0" sequenceCoverage="100.0" branchCoverage="0" maxCyclomaticComplexity="0" minCyclomaticComplexity="0" maxCrapScore="0" minCrapScore="0" visitedClasses="0" numClasses="0" visitedMethods="1" numMethods="1" />
              <MetadataToken>100663308</MetadataToken>
              <Name>System.Void CellView::UpdateValue(Cell, System.Int32)</Name>
              <FileRef uid="2" />
              <SequencePoints>
                <SequencePoint vc="18" uspid="313" ordinal="0" offset="0" sl="29" sc="5" el="29" ec="5" bec="0" bev="0" fileid="2" />
                <SequencePoint vc="18" uspid="314" ordinal="0" offset="1" sl="30" sc="9" el="30" ec="9" bec="0" bev="0" fileid="2" />
                <SequencePoint vc="18" uspid="315" ordinal="0" offset="15" sl="31" sc="9" el="31" ec="9" bec="0" bev="0" fileid="2" />
                <SequencePoint vc="2" uspid="316" ordinal="0" offset="31" sl="32" sc="9" el="32" ec="9" bec="0" bev="0" fileid="2" />
                <SequencePoint vc="2" uspid="317" ordinal="0" offset="32" sl="33" sc="13" el="33" ec="13" bec="0" bev="0" fileid="2" />
                <SequencePoint vc="2" uspid="318" ordinal="0" offset="51" sl="34" sc="9" el="34" ec="9" bec="0" bev="0" fileid="2" />
                <SequencePoint vc="18" uspid="319" ordinal="0" offset="52" sl="35" sc="9" el="35" ec="9" bec="0" bev="0" fileid="2" />
                <SequencePoint vc="18" uspid="320" ordinal="0" offset="80" sl="36" sc="5" el="36" ec="5" bec="0" bev="0" fileid="2" />
              </SequencePoints>
              <BranchPoints />
            </Method>
            <Method visited="true" cyclomaticComplexity="0" nPathComplexity="0" sequenceCoverage="76.92" branchCoverage="0" crapScore="0" isConstructor="false" isStatic="false" isGetter="false" isSetter="false">
              <Summary numSequencePoints="13" visitedSequencePoints="10" numBranchPoints="0" visitedBranchPoints="0" sequenceCoverage="76.92" branchCoverage="0" maxCyclomaticComplexity="0" minCyclomaticComplexity="0" maxCrapScore="0" minCrapScore="0" visitedClasses="0" numClasses="0" visitedMethods="1" numMethods="1" />
              <MetadataToken>100663309</MetadataToken>
              <Name>System.Void CellView::UpdatePosition(Cell, UnityEngine.Vector2Int)</Name>
              <FileRef uid="2" />
              <SequencePoints>
                <SequencePoint vc="18" uspid="321" ordinal="0" offset="0" sl="39" sc="5" el="39" ec="5" bec="0" bev="0" fileid="2" />
                <SequencePoint vc="18" uspid="322" ordinal="0" offset="1" sl="40" sc="9" el="40" ec="9" bec="0" bev="0" fileid="2" />
                <SequencePoint vc="18" uspid="323" ordinal="0" offset="7" sl="41" sc="9" el="41" ec="9" bec="0" bev="0" fileid="2" />
                <SequencePoint vc="18" uspid="324" ordinal="0" offset="13" sl="42" sc="9" el="42" ec="9" bec="0" bev="0" fileid="2" />
                <SequencePoint vc="18" uspid="325" ordinal="0" offset="19" sl="43" sc="9" el="43" ec="9" bec="0" bev="0" fileid="2" />
                <SequencePoint vc="18" uspid="326" ordinal="0" offset="25" sl="44" sc="9" el="44" ec="9" bec="0" bev="0" fileid="2" />
                <SequencePoint vc="18" uspid="327" ordinal="0" offset="41" sl="45" sc="9" el="45" ec="9" bec="0" bev="0" fileid="2" />
                <SequencePoint vc="18" uspid="328" ordinal="0" offset="58" sl="46" sc="9" el="46" ec="9" bec="0" bev="0" fileid="2" />
                <SequencePoint vc="0" uspid="329" ordinal="0" offset="76" sl="47" sc="9" el="47" ec="9" bec="0" bev="0" fileid="2" />
                <SequencePoint vc="0" uspid="330" ordinal="0" offset="77" sl="48" sc="13" el="48" ec="13" bec="0" bev="0" fileid="2" />
                <SequencePoint vc="0" uspid="331" ordinal="0" offset="98" sl="49" sc="9" el="49" ec="9" bec="0" bev="0" fileid="2" />
                <SequencePoint vc="18" uspid="332" ordinal="0" offset="99" sl="50" sc="9" el="50" ec="9" bec="0" bev="0" fileid="2" />
                <SequencePoint vc="18" uspid="333" ordinal="0" offset="129" sl="51" sc="5" el="51" ec="5" bec="0" bev="0" fileid="2" />
              </SequencePoints>
              <BranchPoints />
            </Method>
            <Method visited="true" cyclomaticComplexity="0" nPathComplexity="0" sequenceCoverage="100.0" branchCoverage="0" crapScore="0" isConstructor="false" isStatic="false" isGetter="false" isSetter="false">
              <Summary numSequencePoints="8" visitedSequencePoints="8" numBranchPoints="0" visitedBranchPoints="0" sequenceCoverage="100.0" branchCoverage="0" maxCyclomaticComplexity="0" minCyclomaticComplexity="0" maxCrapScore="0" minCrapScore="0" visitedClasses="0" numClasses="0" visitedMethods="1" numMethods="1" />
              <MetadataToken>100663310</MetadataToken>
              <Name>System.Void CellView::OnDestroy()</Name>
              <FileRef uid="2" />
              <SequencePoints>
                <SequencePoint vc="1" uspid="334" ordinal="0" offset="0" sl="54" sc="5" el="54" ec="5" bec="0" bev="0" fileid="2" />
                <SequencePoint vc="1" uspid="335" ordinal="0" offset="1" sl="55" sc="9" el="55" ec="9" bec="0" bev="0" fileid="2" />
                <SequencePoint vc="1" uspid="336" ordinal="0" offset="12" sl="56" sc="9" el="56" ec="9" bec="0" bev="0" fileid="2" />
                <SequencePoint vc="1" uspid="337" ordinal="0" offset="25" sl="57" sc="9" el="57" ec="9" bec="0" bev="0" fileid="2" />
                <SequencePoint vc="1" uspid="338" ordinal="0" offset="26" sl="58" sc="13" el="58" ec="13" bec="0" bev="0" fileid="2" />
                <SequencePoint vc="1" uspid="339" ordinal="0" offset="50" sl="59" sc="13" el="59" ec="13" bec="0" bev="0" fileid="2" />
                <SequencePoint vc="1" uspid="340" ordinal="0" offset="74" sl="60" sc="9" el="60" ec="9" bec="0" bev="0" fileid="2" />
                <SequencePoint vc="1" uspid="341" ordinal="0" offset="75" sl="61" sc="5" el="61" ec="5" bec="0" bev="0" fileid="2" />
              </SequencePoints>
              <BranchPoints />
            </Method>
          </Methods>
        </Class>
        <Class>
          <Summary numSequencePoints="76" visitedSequencePoints="71" numBranchPoints="0" visitedBranchPoints="0" sequenceCoverage="93.42" branchCoverage="0.0" maxCyclomaticComplexity="0" minCyclomaticComplexity="0" maxCrapScore="0" minCrapScore="0" visitedClasses="1" numClasses="1" visitedMethods="5" numMethods="5" />
          <FullName>GameField</FullName>
          <Methods>
            <Method visited="true" cyclomaticComplexity="0" nPathComplexity="0" sequenceCoverage="100.0" branchCoverage="0" crapScore="0" isConstructor="false" isStatic="false" isGetter="false" isSetter="false">
              <Summary numSequencePoints="3" visitedSequencePoints="3" numBranchPoints="0" visitedBranchPoints="0" sequenceCoverage="100.0" branchCoverage="0" maxCyclomaticComplexity="0" minCyclomaticComplexity="0" maxCrapScore="0" minCrapScore="0" visitedClasses="0" numClasses="0" visitedMethods="1" numMethods="1" />
              <MetadataToken>100663312</MetadataToken>
              <Name>System.Void GameField::Start()</Name>
              <FileRef uid="3" />
              <SequencePoints>
                <SequencePoint vc="4" uspid="342" ordinal="0" offset="0" sl="15" sc="5" el="15" ec="5" bec="0" bev="0" fileid="3" />
                <SequencePoint vc="4" uspid="343" ordinal="0" offset="1" sl="16" sc="9" el="16" ec="9" bec="0" bev="0" fileid="3" />
                <SequencePoint vc="4" uspid="344" ordinal="0" offset="12" sl="17" sc="5" el="17" ec="5" bec="0" bev="0" fileid="3" />
              </SequencePoints>
              <BranchPoints />
            </Method>
            <Method visited="true" cyclomaticComplexity="0" nPathComplexity="0" sequenceCoverage="37.50" branchCoverage="0" crapScore="0" isConstructor="false" isStatic="false" isGetter="false" isSetter="false">
              <Summary numSequencePoints="8" visitedSequencePoints="3" numBranchPoints="0" visitedBranchPoints="0" sequenceCoverage="37.50" branchCoverage="0" maxCyclomaticComplexity="0" minCyclomaticComplexity="0" maxCrapScore="0" minCrapScore="0" visitedClasses="0" numClasses="0" visitedMethods="1" numMethods="1" />
              <MetadataToken>100663313</MetadataToken>
              <Name>System.Void GameField::Update()</Name>
              <FileRef uid="3" />
              <SequencePoints>
                <SequencePoint vc="1" uspid="345" ordinal="0" offset="0" sl="20" sc="5" el="20" ec="5" bec="0" bev="0" fileid="3" />
                <SequencePoint vc="1" uspid="346" ordinal="0" offset="1" sl="21" sc="9" el="21" ec="9" bec="0" bev="0" fileid="3" />
                <SequencePoint vc="0" uspid="347" ordinal="0" offset="23" sl="22" sc="9" el="22" ec="9" bec="0" bev="0" fileid="3" />
                <SequencePoint vc="0" uspid="348" ordinal="0" offset="24" sl="23" sc="13" el="23" ec="13" bec="0" bev="0" fileid="3" />
                <SequencePoint vc="0" uspid="349" ordinal="0" offset="35" sl="24" sc="13" el="24" ec="13" bec="0" bev="0" fileid="3" />
                <SequencePoint vc="0" uspid="350" ordinal="0" offset="42" sl="25" sc="13" el="25" ec="13" bec="0" bev="0" fileid="3" />
                <SequencePoint vc="0" uspid="351" ordinal="0" offset="49" sl="26" sc="9" el="26" ec="9" bec="0" bev="0" fileid="3" />
                <SequencePoint vc="1" uspid="352" ordinal="0" offset="50" sl="27" sc="5" el="27" ec="5" bec="0" bev="0" fileid="3" />
              </SequencePoints>
              <BranchPoints />
            </Method>
            <Method visited="true" cyclomaticComplexity="0" nPathComplexity="0" sequenceCoverage="100.0" branchCoverage="0" crapScore="0" isConstructor="false" isStatic="false" isGetter="false" isSetter="false">
              <Summary numSequencePoints="36" visitedSequencePoints="36" numBranchPoints="0" visitedBranchPoints="0" sequenceCoverage="100.0" branchCoverage="0" maxCyclomaticComplexity="0" minCyclomaticComplexity="0" maxCrapScore="0" minCrapScore="0" visitedClasses="0" numClasses="0" visitedMethods="1" numMethods="1" />
              <MetadataToken>100663314</MetadataToken>
              <Name>UnityEngine.Vector2Int GameField::GetEmptyPosition()</Name>
              <FileRef uid="3" />
              <SequencePoints>
                <SequencePoint vc="22" uspid="353" ordinal="0" offset="0" sl="30" sc="5" el="30" ec="5" bec="0" bev="0" fileid="3" />
                <SequencePoint vc="22" uspid="354" ordinal="0" offset="1" sl="31" sc="9" el="31" ec="9" bec="0" bev="0" fileid="3" />
                <SequencePoint vc="22" uspid="355" ordinal="0" offset="7" sl="33" sc="14" el="33" ec="14" bec="0" bev="0" fileid="3" />
                <SequencePoint vc="88" uspid="356" ordinal="0" offset="14" sl="34" sc="9" el="34" ec="9" bec="0" bev="0" fileid="3" />
                <SequencePoint vc="88" uspid="357" ordinal="0" offset="15" sl="35" sc="18" el="35" ec="18" bec="0" bev="0" fileid="3" />
                <SequencePoint vc="352" uspid="358" ordinal="0" offset="23" sl="36" sc="13" el="36" ec="13" bec="0" bev="0" fileid="3" />
                <SequencePoint vc="352" uspid="359" ordinal="0" offset="24" sl="37" sc="17" el="37" ec="17" bec="0" bev="0" fileid="3" />
                <SequencePoint vc="352" uspid="360" ordinal="0" offset="27" sl="38" sc="17" el="38" ec="17" bec="0" bev="0" fileid="3" />
                <SequencePoint vc="352" uspid="361" ordinal="0" offset="28" sl="38" sc="38" el="38" ec="38" bec="0" bev="0" fileid="3" />
                <SequencePoint vc="1904" uspid="362" ordinal="0" offset="43" sl="38" sc="26" el="38" ec="26" bec="0" bev="0" fileid="3" />
                <SequencePoint vc="1904" uspid="363" ordinal="0" offset="52" sl="39" sc="17" el="39" ec="17" bec="0" bev="0" fileid="3" />
                <SequencePoint vc="1904" uspid="364" ordinal="0" offset="53" sl="40" sc="21" el="40" ec="21" bec="0" bev="0" fileid="3" />
                <SequencePoint vc="184" uspid="365" ordinal="0" offset="101" sl="41" sc="21" el="41" ec="21" bec="0" bev="0" fileid="3" />
                <SequencePoint vc="184" uspid="366" ordinal="0" offset="102" sl="42" sc="25" el="42" ec="25" bec="0" bev="0" fileid="3" />
                <SequencePoint vc="184" uspid="367" ordinal="0" offset="105" sl="43" sc="25" el="43" ec="25" bec="0" bev="0" fileid="3" />
                <SequencePoint vc="1720" uspid="368" ordinal="0" offset="107" sl="45" sc="17" el="45" ec="17" bec="0" bev="0" fileid="3" />
                <SequencePoint vc="2072" uspid="369" ordinal="0" offset="108" sl="38" sc="35" el="38" ec="35" bec="0" bev="0" fileid="3" />
                <SequencePoint vc="352" uspid="370" ordinal="0" offset="134" sl="46" sc="17" el="46" ec="17" bec="0" bev="0" fileid="3" />
                <SequencePoint vc="168" uspid="371" ordinal="0" offset="145" sl="47" sc="17" el="47" ec="17" bec="0" bev="0" fileid="3" />
                <SequencePoint vc="168" uspid="372" ordinal="0" offset="146" sl="48" sc="21" el="48" ec="21" bec="0" bev="0" fileid="3" />
                <SequencePoint vc="168" uspid="373" ordinal="0" offset="161" sl="49" sc="17" el="49" ec="17" bec="0" bev="0" fileid="3" />
                <SequencePoint vc="352" uspid="374" ordinal="0" offset="162" sl="50" sc="13" el="50" ec="13" bec="0" bev="0" fileid="3" />
                <SequencePoint vc="352" uspid="375" ordinal="0" offset="163" sl="35" sc="41" el="35" ec="41" bec="0" bev="0" fileid="3" />
                <SequencePoint vc="440" uspid="376" ordinal="0" offset="169" sl="35" sc="29" el="35" ec="29" bec="0" bev="0" fileid="3" />
                <SequencePoint vc="88" uspid="377" ordinal="0" offset="188" sl="51" sc="9" el="51" ec="9" bec="0" bev="0" fileid="3" />
                <SequencePoint vc="88" uspid="378" ordinal="0" offset="189" sl="33" sc="36" el="33" ec="36" bec="0" bev="0" fileid="3" />
                <SequencePoint vc="110" uspid="379" ordinal="0" offset="193" sl="33" sc="25" el="33" ec="25" bec="0" bev="0" fileid="3" />
                <SequencePoint vc="22" uspid="380" ordinal="0" offset="211" sl="53" sc="9" el="53" ec="9" bec="0" bev="0" fileid="3" />
                <SequencePoint vc="4" uspid="381" ordinal="0" offset="226" sl="54" sc="9" el="54" ec="9" bec="0" bev="0" fileid="3" />
                <SequencePoint vc="4" uspid="382" ordinal="0" offset="227" sl="55" sc="13" el="55" ec="13" bec="0" bev="0" fileid="3" />
                <SequencePoint vc="4" uspid="383" ordinal="0" offset="238" sl="56" sc="13" el="56" ec="13" bec="0" bev="0" fileid="3" />
                <SequencePoint vc="18" uspid="384" ordinal="0" offset="249" sl="59" sc="9" el="59" ec="9" bec="0" bev="0" fileid="3" />
                <SequencePoint vc="18" uspid="385" ordinal="0" offset="262" sl="60" sc="9" el="60" ec="9" bec="0" bev="0" fileid="3" />
                <SequencePoint vc="18" uspid="386" ordinal="0" offset="270" sl="61" sc="9" el="61" ec="9" bec="0" bev="0" fileid="3" />
                <SequencePoint vc="18" uspid="387" ordinal="0" offset="303" sl="62" sc="9" el="62" ec="9" bec="0" bev="0" fileid="3" />
                <SequencePoint vc="22" uspid="388" ordinal="0" offset="308" sl="63" sc="5" el="63" ec="5" bec="0" bev="0" fileid="3" />
              </SequencePoints>
              <BranchPoints />
            </Method>
            <Method visited="true" cyclomaticComplexity="0" nPathComplexity="0" sequenceCoverage="100.0" branchCoverage="0" crapScore="0" isConstructor="false" isStatic="false" isGetter="false" isSetter="false">
              <Summary numSequencePoints="25" visitedSequencePoints="25" numBranchPoints="0" visitedBranchPoints="0" sequenceCoverage="100.0" branchCoverage="0" maxCyclomaticComplexity="0" minCyclomaticComplexity="0" maxCrapScore="0" minCrapScore="0" visitedClasses="0" numClasses="0" visitedMethods="1" numMethods="1" />
              <MetadataToken>100663315</MetadataToken>
              <Name>System.Void GameField::CreateCell()</Name>
              <FileRef uid="3" />
              <SequencePoints>
                <SequencePoint vc="22" uspid="389" ordinal="0" offset="0" sl="66" sc="5" el="66" ec="5" bec="0" bev="0" fileid="3" />
                <SequencePoint vc="22" uspid="390" ordinal="0" offset="1" sl="67" sc="9" el="67" ec="9" bec="0" bev="0" fileid="3" />
                <SequencePoint vc="22" uspid="391" ordinal="0" offset="7" sl="68" sc="9" el="68" ec="9" bec="0" bev="0" fileid="3" />
                <SequencePoint vc="22" uspid="392" ordinal="0" offset="20" sl="69" sc="9" el="69" ec="9" bec="0" bev="0" fileid="3" />
                <SequencePoint vc="22" uspid="393" ordinal="0" offset="48" sl="71" sc="9" el="71" ec="9" bec="0" bev="0" fileid="3" />
                <SequencePoint vc="22" uspid="394" ordinal="0" offset="55" sl="72" sc="9" el="72" ec="9" bec="0" bev="0" fileid="3" />
                <SequencePoint vc="4" uspid="395" ordinal="0" offset="71" sl="73" sc="9" el="73" ec="9" bec="0" bev="0" fileid="3" />
                <SequencePoint vc="4" uspid="396" ordinal="0" offset="72" sl="74" sc="13" el="74" ec="13" bec="0" bev="0" fileid="3" />
                <SequencePoint vc="4" uspid="397" ordinal="0" offset="83" sl="75" sc="13" el="75" ec="13" bec="0" bev="0" fileid="3" />
                <SequencePoint vc="18" uspid="398" ordinal="0" offset="85" sl="78" sc="9" el="78" ec="9" bec="0" bev="0" fileid="3" />
                <SequencePoint vc="18" uspid="399" ordinal="0" offset="93" sl="79" sc="9" el="79" ec="9" bec="0" bev="0" fileid="3" />
                <SequencePoint vc="18" uspid="400" ordinal="0" offset="106" sl="81" sc="9" el="81" ec="9" bec="0" bev="0" fileid="3" />
                <SequencePoint vc="1" uspid="401" ordinal="0" offset="124" sl="82" sc="9" el="82" ec="9" bec="0" bev="0" fileid="3" />
                <SequencePoint vc="1" uspid="402" ordinal="0" offset="125" sl="83" sc="13" el="83" ec="13" bec="0" bev="0" fileid="3" />
                <SequencePoint vc="1" uspid="403" ordinal="0" offset="136" sl="84" sc="13" el="84" ec="13" bec="0" bev="0" fileid="3" />
                <SequencePoint vc="17" uspid="404" ordinal="0" offset="138" sl="87" sc="9" el="87" ec="9" bec="0" bev="0" fileid="3" />
                <SequencePoint vc="17" uspid="405" ordinal="0" offset="157" sl="88" sc="9" el="88" ec="9" bec="0" bev="0" fileid="3" />
                <SequencePoint vc="17" uspid="406" ordinal="0" offset="166" sl="89" sc="9" el="89" ec="9" bec="0" bev="0" fileid="3" />
                <SequencePoint vc="16" uspid="407" ordinal="0" offset="180" sl="90" sc="9" el="90" ec="9" bec="0" bev="0" fileid="3" />
                <SequencePoint vc="16" uspid="408" ordinal="0" offset="181" sl="91" sc="13" el="91" ec="13" bec="0" bev="0" fileid="3" />
                <SequencePoint vc="16" uspid="409" ordinal="0" offset="191" sl="92" sc="9" el="92" ec="9" bec="0" bev="0" fileid="3" />
                <SequencePoint vc="1" uspid="410" ordinal="0" offset="194" sl="94" sc="9" el="94" ec="9" bec="0" bev="0" fileid="3" />
                <SequencePoint vc="1" uspid="411" ordinal="0" offset="195" sl="95" sc="13" el="95" ec="13" bec="0" bev="0" fileid="3" />
                <SequencePoint vc="1" uspid="412" ordinal="0" offset="206" sl="96" sc="9" el="96" ec="9" bec="0" bev="0" fileid="3" />
                <SequencePoint vc="22" uspid="413" ordinal="0" offset="207" sl="97" sc="5" el="97" ec="5" bec="0" bev="0" fileid="3" />
              </SequencePoints>
              <BranchPoints />
            </Method>
            <Method visited="true" cyclomaticComplexity="0" nPathComplexity="0" sequenceCoverage="100.0" branchCoverage="0" crapScore="0" isConstructor="true" isStatic="false" isGetter="false" isSetter="false">
              <Summary numSequencePoints="4" visitedSequencePoints="4" numBranchPoints="0" visitedBranchPoints="0" sequenceCoverage="100.0" branchCoverage="0" maxCyclomaticComplexity="0" minCyclomaticComplexity="0" maxCrapScore="0" minCrapScore="0" visitedClasses="0" numClasses="0" visitedMethods="1" numMethods="1" />
              <MetadataToken>100663316</MetadataToken>
              <Name>GameField::GameField()</Name>
              <FileRef uid="3" />
              <SequencePoints>
                <SequencePoint vc="5" uspid="414" ordinal="0" offset="0" sl="6" sc="5" el="6" ec="5" bec="0" bev="0" fileid="3" />
                <SequencePoint vc="5" uspid="415" ordinal="0" offset="7" sl="7" sc="22" el="7" ec="22" bec="0" bev="0" fileid="3" />
                <SequencePoint vc="5" uspid="416" ordinal="0" offset="14" sl="8" sc="22" el="8" ec="22" bec="0" bev="0" fileid="3" />
                <SequencePoint vc="5" uspid="417" ordinal="0" offset="21" sl="9" sc="5" el="9" ec="5" bec="0" bev="0" fileid="3" />
              </SequencePoints>
              <BranchPoints />
            </Method>
          </Methods>
        </Class>
      </Classes>
    </Module>
    <Module>
      <Summary numSequencePoints="127" visitedSequencePoints="127" numBranchPoints="0" visitedBranchPoints="0" sequenceCoverage="100.0" branchCoverage="0.0" maxCyclomaticComplexity="0" minCyclomaticComplexity="0" maxCrapScore="0" minCrapScore="0" visitedClasses="5" numClasses="5" visitedMethods="13" numMethods="13" />
      <ModuleTime>0001-01-01T00:00:00</ModuleTime>
      <ModuleName>Assembly-CSharp-Editor</ModuleName>
      <Files>
        <File uid="4" fullPath="/home/ggenjoyer/Documents/myunity/allmyfiles/labs/3lab/zips/lab1tests/lab1/Assets/Tests/Editor/CellTests.cs" />
        <File uid="5" fullPath="/home/ggenjoyer/Documents/myunity/allmyfiles/labs/3lab/zips/lab1tests/lab1/Assets/Tests/Editor/CellViewTests.cs" />
        <File uid="6" fullPath="/home/ggenjoyer/Documents/myunity/allmyfiles/labs/3lab/zips/lab1tests/lab1/Assets/Tests/Editor/GameFieldTests.cs" />
      </Files>
      <Classes>
        <Class>
          <Summary numSequencePoints="35" visitedSequencePoints="35" numBranchPoints="0" visitedBranchPoints="0" sequenceCoverage="100.0" branchCoverage="0.0" maxCyclomaticComplexity="0" minCyclomaticComplexity="0" maxCrapScore="0" minCrapScore="0" visitedClasses="1" numClasses="1" visitedMethods="5" numMethods="5" />
          <FullName>CellTests</FullName>
          <Methods>
            <Method visited="true" cyclomaticComplexity="0" nPathComplexity="0" sequenceCoverage="100.0" branchCoverage="0" crapScore="0" isConstructor="false" isStatic="false" isGetter="false" isSetter="false">
              <Summary numSequencePoints="5" visitedSequencePoints="5" numBranchPoints="0" visitedBranchPoints="0" sequenceCoverage="100.0" branchCoverage="0" maxCyclomaticComplexity="0" minCyclomaticComplexity="0" maxCrapScore="0" minCrapScore="0" visitedClasses="0" numClasses="0" visitedMethods="1" numMethods="1" />
              <MetadataToken>100663297</MetadataToken>
              <Name>System.Void CellTests::Cell_Ctor_SetsPosAndVal()</Name>
              <FileRef uid="4" />
              <SequencePoints>
                <SequencePoint vc="1" uspid="418" ordinal="0" offset="0" sl="9" sc="5" el="9" ec="5" bec="0" bev="0" fileid="4" />
                <SequencePoint vc="1" uspid="419" ordinal="0" offset="1" sl="10" sc="9" el="10" ec="9" bec="0" bev="0" fileid="4" />
                <SequencePoint vc="1" uspid="420" ordinal="0" offset="15" sl="11" sc="9" el="11" ec="9" bec="0" bev="0" fileid="4" />
                <SequencePoint vc="1" uspid="421" ordinal="0" offset="59" sl="12" sc="9" el="12" ec="9" bec="0" bev="0" fileid="4" />
                <SequencePoint vc="1" uspid="422" ordinal="0" offset="87" sl="13" sc="5" el="13" ec="5" bec="0" bev="0" fileid="4" />
              </SequencePoints>
              <BranchPoints />
            </Method>
            <Method visited="true" cyclomaticComplexity="0" nPathComplexity="0" sequenceCoverage="100.0" branchCoverage="0" crapScore="0" isConstructor="false" isStatic="false" isGetter="false" isSetter="false">
              <Summary numSequencePoints="8" visitedSequencePoints="8" numBranchPoints="0" visitedBranchPoints="0" sequenceCoverage="100.0" branchCoverage="0" maxCyclomaticComplexity="0" minCyclomaticComplexity="0" maxCrapScore="0" minCrapScore="0" visitedClasses="0" numClasses="0" visitedMethods="1" numMethods="1" />
              <MetadataToken>100663298</MetadataToken>
              <Name>System.Void CellTests::Cell_SetValue_FiresEvent()</Name>
              <FileRef uid="4" />
              <SequencePoints>
                <SequencePoint vc="1" uspid="423" ordinal="0" offset="6" sl="17" sc="5" el="17" ec="5" bec="0" bev="0" fileid="4" />
                <SequencePoint vc="1" uspid="424" ordinal="0" offset="7" sl="18" sc="9" el="18" ec="9" bec="0" bev="0" fileid="4" />
                <SequencePoint vc="1" uspid="425" ordinal="0" offset="21" sl="19" sc="9" el="19" ec="9" bec="0" bev="0" fileid="4" />
                <SequencePoint vc="1" uspid="426" ordinal="0" offset="28" sl="20" sc="9" el="20" ec="9" bec="0" bev="0" fileid="4" />
                <SequencePoint vc="1" uspid="427" ordinal="0" offset="47" sl="21" sc="9" el="21" ec="9" bec="0" bev="0" fileid="4" />
                <SequencePoint vc="1" uspid="428" ordinal="0" offset="55" sl="22" sc="9" el="22" ec="9" bec="0" bev="0" fileid="4" />
                <SequencePoint vc="1" uspid="429" ordinal="0" offset="82" sl="23" sc="9" el="23" ec="9" bec="0" bev="0" fileid="4" />
                <SequencePoint vc="1" uspid="430" ordinal="0" offset="110" sl="24" sc="5" el="24" ec="5" bec="0" bev="0" fileid="4" />
              </SequencePoints>
              <BranchPoints />
            </Method>
            <Method visited="true" cyclomaticComplexity="0" nPathComplexity="0" sequenceCoverage="100.0" branchCoverage="0" crapScore="0" isConstructor="false" isStatic="false" isGetter="false" isSetter="false">
              <Summary numSequencePoints="7" visitedSequencePoints="7" numBranchPoints="0" visitedBranchPoints="0" sequenceCoverage="100.0" branchCoverage="0" maxCyclomaticComplexity="0" minCyclomaticComplexity="0" maxCrapScore="0" minCrapScore="0" visitedClasses="0" numClasses="0" visitedMethods="1" numMethods="1" />
              <MetadataToken>100663299</MetadataToken>
              <Name>System.Void CellTests::Cell_SetValue_Same_NoEvent()</Name>
              <FileRef uid="4" />
              <SequencePoints>
                <SequencePoint vc="1" uspid="431" ordinal="0" offset="6" sl="28" sc="5" el="28" ec="5" bec="0" bev="0" fileid="4" />
                <SequencePoint vc="1" uspid="432" ordinal="0" offset="7" sl="29" sc="9" el="29" ec="9" bec="0" bev="0" fileid="4" />
                <SequencePoint vc="1" uspid="433" ordinal="0" offset="21" sl="30" sc="9" el="30" ec="9" bec="0" bev="0" fileid="4" />
                <SequencePoint vc="1" uspid="434" ordinal="0" offset="28" sl="31" sc="9" el="31" ec="9" bec="0" bev="0" fileid="4" />
                <SequencePoint vc="1" uspid="435" ordinal="0" offset="47" sl="32" sc="9" el="32" ec="9" bec="0" bev="0" fileid="4" />
                <SequencePoint vc="1" uspid="436" ordinal="0" offset="55" sl="33" sc="9" el="33" ec="9" bec="0" bev="0" fileid="4" />
                <SequencePoint vc="1" uspid="437" ordinal="0" offset="82" sl="34" sc="5" el="34" ec="5" bec="0" bev="0" fileid="4" />
              </SequencePoints>
              <BranchPoints />
            </Method>
            <Method visited="true" cyclomaticComplexity="0" nPathComplexity="0" sequenceCoverage="100.0" branchCoverage="0" crapScore="0" isConstructor="false" isStatic="false" isGetter="false" isSetter="false">
              <Summary numSequencePoints="8" visitedSequencePoints="8" numBranchPoints="0" visitedBranchPoints="0" sequenceCoverage="100.0" branchCoverage="0" maxCyclomaticComplexity="0" minCyclomaticComplexity="0" maxCrapScore="0" minCrapScore="0" visitedClasses="0" numClasses="0" visitedMethods="1" numMethods="1" />
              <MetadataToken>100663300</MetadataToken>
              <Name>System.Void CellTests::Cell_SetPos_FiresEvent()</Name>
              <FileRef uid="4" />
              <SequencePoints>
                <SequencePoint vc="1" uspid="438" ordinal="0" offset="6" sl="38" sc="5" el="38" ec="5" bec="0" bev="0" fileid="4" />
                <SequencePoint vc="1" uspid="439" ordinal="0" offset="7" sl="39" sc="9" el="39" ec="9" bec="0" bev="0" fileid="4" />
                <SequencePoint vc="1" uspid="440" ordinal="0" offset="21" sl="40" sc="9" el="40" ec="9" bec="0" bev="0" fileid="4" />
                <SequencePoint vc="1" uspid="441" ordinal="0" offset="28" sl="41" sc="9" el="41" ec="9" bec="0" bev="0" fileid="4" />
                <SequencePoint vc="1" uspid="442" ordinal="0" offset="47" sl="42" sc="9" el="42" ec="9" bec="0" bev="0" fileid="4" />
                <SequencePoint vc="1" uspid="443" ordinal="0" offset="61" sl="43" sc="9" el="43" ec="9" bec="0" bev="0" fileid="4" />
                <SequencePoint vc="1" uspid="444" ordinal="0" offset="88" sl="44" sc="9" el="44" ec="9" bec="0" bev="0" fileid="4" />
                <SequencePoint vc="1" uspid="445" ordinal="0" offset="132" sl="45" sc="5" el="45" ec="5" bec="0" bev="0" fileid="4" />
              </SequencePoints>
              <BranchPoints />
            </Method>
            <Method visited="true" cyclomaticComplexity="0" nPathComplexity="0" sequenceCoverage="100.0" branchCoverage="0" crapScore="0" isConstructor="false" isStatic="false" isGetter="false" isSetter="false">
              <Summary numSequencePoints="7" visitedSequencePoints="7" numBranchPoints="0" visitedBranchPoints="0" sequenceCoverage="100.0" branchCoverage="0" maxCyclomaticComplexity="0" minCyclomaticComplexity="0" maxCrapScore="0" minCrapScore="0" visitedClasses="0" numClasses="0" visitedMethods="1" numMethods="1" />
              <MetadataToken>100663301</MetadataToken>
              <Name>System.Void CellTests::Cell_SetPos_Same_NoEvent()</Name>
              <FileRef uid="4" />
              <SequencePoints>
                <SequencePoint vc="1" uspid="446" ordinal="0" offset="6" sl="49" sc="5" el="49" ec="5" bec="0" bev="0" fileid="4" />
                <SequencePoint vc="1" uspid="447" ordinal="0" offset="7" sl="50" sc="9" el="50" ec="9" bec="0" bev="0" fileid="4" />
                <SequencePoint vc="1" uspid="448" ordinal="0" offset="21" sl="51" sc="9" el="51" ec="9" bec="0" bev="0" fileid="4" />
                <SequencePoint vc="1" uspid="449" ordinal="0" offset="28" sl="52" sc="9" el="52" ec="9" bec="0" bev="0" fileid="4" />
                <SequencePoint vc="1" uspid="450" ordinal="0" offset="47" sl="53" sc="9" el="53" ec="9" bec="0" bev="0" fileid="4" />
                <SequencePoint vc="1" uspid="451" ordinal="0" offset="61" sl="54" sc="9" el="54" ec="9" bec="0" bev="0" fileid="4" />
                <SequencePoint vc="1" uspid="452" ordinal="0" offset="88" sl="55" sc="5" el="55" ec="5" bec="0" bev="0" fileid="4" />
              </SequencePoints>
              <BranchPoints />
            </Method>
          </Methods>
        </Class>
        <Class>
          <Summary numSequencePoints="34" visitedSequencePoints="34" numBranchPoints="0" visitedBranchPoints="0" sequenceCoverage="100.0" branchCoverage="0.0" maxCyclomaticComplexity="0" minCyclomaticComplexity="0" maxCrapScore="0" minCrapScore="0" visitedClasses="1" numClasses="1" visitedMethods="2" numMethods="2" />
          <FullName>CellViewTests</FullName>
          <Methods>
            <Method visited="true" cyclomaticComplexity="0" nPathComplexity="0" sequenceCoverage="100.0" branchCoverage="0" crapScore="0" isConstructor="false" isStatic="false" isGetter="false" isSetter="false">
              <Summary numSequencePoints="22" visitedSequencePoints="22" numBranchPoints="0" visitedBranchPoints="0" sequenceCoverage="100.0" branchCoverage="0" maxCyclomaticComplexity="0" minCyclomaticComplexity="0" maxCrapScore="0" minCrapScore="0" visitedClasses="0" numClasses="0" visitedMethods="1" numMethods="1" />
              <MetadataToken>100663303</MetadataToken>
              <Name>System.Void CellViewTests::CV_ForceAwk_Destroy_Ref()</Name>
              <FileRef uid="5" />
              <SequencePoints>
                <SequencePoint vc="1" uspid="453" ordinal="0" offset="0" sl="11" sc="5" el="11" ec="5" bec="0" bev="0" fileid="5" />
                <SequencePoint vc="1" uspid="454" ordinal="0" offset="1" sl="12" sc="9" el="12" ec="9" bec="0" bev="0" fileid="5" />
                <SequencePoint vc="1" uspid="455" ordinal="0" offset="12" sl="13" sc="9" el="13" ec="9" bec="0" bev="0" fileid="5" />
                <SequencePoint vc="1" uspid="456" ordinal="0" offset="19" sl="14" sc="9" el="14" ec="9" bec="0" bev="0" fileid="5" />
                <SequencePoint vc="1" uspid="457" ordinal="0" offset="42" sl="15" sc="9" el="15" ec="9" bec="0" bev="0" fileid="5" />
                <SequencePoint vc="1" uspid="458" ordinal="0" offset="64" sl="16" sc="9" el="16" ec="9" bec="0" bev="0" fileid="5" />
                <SequencePoint vc="1" uspid="459" ordinal="0" offset="73" sl="17" sc="9" el="17" ec="9" bec="0" bev="0" fileid="5" />
                <SequencePoint vc="1" uspid="460" ordinal="0" offset="80" sl="18" sc="9" el="18" ec="9" bec="0" bev="0" fileid="5" />
                <SequencePoint vc="1" uspid="461" ordinal="0" offset="102" sl="19" sc="9" el="19" ec="9" bec="0" bev="0" fileid="5" />
                <SequencePoint vc="1" uspid="462" ordinal="0" offset="114" sl="20" sc="9" el="20" ec="9" bec="0" bev="0" fileid="5" />
                <SequencePoint vc="1" uspid="463" ordinal="0" offset="133" sl="21" sc="9" el="21" ec="9" bec="0" bev="0" fileid="5" />
                <SequencePoint vc="1" uspid="464" ordinal="0" offset="142" sl="22" sc="9" el="22" ec="9" bec="0" bev="0" fileid="5" />
                <SequencePoint vc="1" uspid="465" ordinal="0" offset="166" sl="23" sc="9" el="23" ec="9" bec="0" bev="0" fileid="5" />
                <SequencePoint vc="1" uspid="466" ordinal="0" offset="177" sl="24" sc="9" el="24" ec="9" bec="0" bev="0" fileid="5" />
                <SequencePoint vc="1" uspid="467" ordinal="0" offset="192" sl="25" sc="9" el="25" ec="9" bec="0" bev="0" fileid="5" />
                <SequencePoint vc="1" uspid="468" ordinal="0" offset="216" sl="26" sc="9" el="26" ec="9" bec="0" bev="0" fileid="5" />
                <SequencePoint vc="1" uspid="469" ordinal="0" offset="239" sl="27" sc="9" el="27" ec="9" bec="0" bev="0" fileid="5" />
                <SequencePoint vc="1" uspid="470" ordinal="0" offset="259" sl="28" sc="9" el="28" ec="9" bec="0" bev="0" fileid="5" />
                <SequencePoint vc="1" uspid="471" ordinal="0" offset="283" sl="29" sc="9" el="29" ec="9" bec="0" bev="0" fileid="5" />
                <SequencePoint vc="1" uspid="472" ordinal="0" offset="306" sl="30" sc="9" el="30" ec="9" bec="0" bev="0" fileid="5" />
                <SequencePoint vc="1" uspid="473" ordinal="0" offset="316" sl="31" sc="9" el="31" ec="9" bec="0" bev="0" fileid="5" />
                <SequencePoint vc="1" uspid="474" ordinal="0" offset="323" sl="32" sc="5" el="32" ec="5" bec="0" bev="0" fileid="5" />
              </SequencePoints>
              <BranchPoints />
            </Method>
            <Method visited="true" cyclomaticComplexity="0" nPathComplexity="0" sequenceCoverage="100.0" branchCoverage="0" crapScore="0" isConstructor="false" isStatic="false" isGetter="false" isSetter="false">
              <Summary numSequencePoints="12" visitedSequencePoints="12" numBranchPoints="0" visitedBranchPoints="0" sequenceCoverage="100.0" branchCoverage="0" maxCyclomaticComplexity="0" minCyclomaticComplexity="0" maxCrapScore="0" minCrapScore="0" visitedClasses="0" numClasses="0" visitedMethods="1" numMethods="1" />
              <MetadataToken>100663304</MetadataToken>
              <Name>System.Void CellViewTests::CV_Norm_NoRef()</Name>
              <FileRef uid="5" />
              <SequencePoints>
                <SequencePoint vc="1" uspid="475" ordinal="0" offset="0" sl="36" sc="5" el="36" ec="5" bec="0" bev="0" fileid="5" />
                <SequencePoint vc="1" uspid="476" ordinal="0" offset="1" sl="37" sc="9" el="37" ec="9" bec="0" bev="0" fileid="5" />
                <SequencePoint vc="1" uspid="477" ordinal="0" offset="12" sl="38" sc="9" el="38" ec="9" bec="0" bev="0" fileid="5" />
                <SequencePoint vc="1" uspid="478" ordinal="0" offset="19" sl="39" sc="9" el="39" ec="9" bec="0" bev="0" fileid="5" />
                <SequencePoint vc="1" uspid="479" ordinal="0" offset="30" sl="40" sc="9" el="40" ec="9" bec="0" bev="0" fileid="5" />
                <SequencePoint vc="1" uspid="480" ordinal="0" offset="48" sl="41" sc="9" el="41" ec="9" bec="0" bev="0" fileid="5" />
                <SequencePoint vc="1" uspid="481" ordinal="0" offset="55" sl="42" sc="9" el="42" ec="9" bec="0" bev="0" fileid="5" />
                <SequencePoint vc="1" uspid="482" ordinal="0" offset="79" sl="43" sc="9" el="43" ec="9" bec="0" bev="0" fileid="5" />
                <SequencePoint vc="1" uspid="483" ordinal="0" offset="89" sl="44" sc="9" el="44" ec="9" bec="0" bev="0" fileid="5" />
                <SequencePoint vc="1" uspid="484" ordinal="0" offset="104" sl="45" sc="9" el="45" ec="9" bec="0" bev="0" fileid="5" />
                <SequencePoint vc="1" uspid="485" ordinal="0" offset="114" sl="46" sc="9" el="46" ec="9" bec="0" bev="0" fileid="5" />
                <SequencePoint vc="1" uspid="486" ordinal="0" offset="121" sl="47" sc="5" el="47" ec="5" bec="0" bev="0" fileid="5" />
              </SequencePoints>
              <BranchPoints />
            </Method>
          </Methods>
        </Class>
        <Class>
          <Summary numSequencePoints="52" visitedSequencePoints="52" numBranchPoints="0" visitedBranchPoints="0" sequenceCoverage="100.0" branchCoverage="0.0" maxCyclomaticComplexity="0" minCyclomaticComplexity="0" maxCrapScore="0" minCrapScore="0" visitedClasses="1" numClasses="1" visitedMethods="4" numMethods="4" />
          <FullName>GameFieldTests</FullName>
          <Methods>
            <Method visited="true" cyclomaticComplexity="0" nPathComplexity="0" sequenceCoverage="100.0" branchCoverage="0" crapScore="0" isConstructor="false" isStatic="false" isGetter="false" isSetter="false">
              <Summary numSequencePoints="9" visitedSequencePoints="9" numBranchPoints="0" visitedBranchPoints="0" sequenceCoverage="100.0" branchCoverage="0" maxCyclomaticComplexity="0" minCyclomaticComplexity="0" maxCrapScore="0" minCrapScore="0" visitedClasses="0" numClasses="0" visitedMethods="1" numMethods="1" />
              <MetadataToken>100663306</MetadataToken>
              <Name>System.Void GameFieldTests::StUpNoSpace()</Name>
              <FileRef uid="6" />
              <SequencePoints>
                <SequencePoint vc="1" uspid="487" ordinal="0" offset="0" sl="11" sc="5" el="11" ec="5" bec="0" bev="0" fileid="6" />
                <SequencePoint vc="1" uspid="488" ordinal="0" offset="1" sl="12" sc="9" el="12" ec="9" bec="0" bev="0" fileid="6" />
                <SequencePoint vc="1" uspid="489" ordinal="0" offset="12" sl="13" sc="9" el="13" ec="9" bec="0" bev="0" fileid="6" />
                <SequencePoint vc="1" uspid="490" ordinal="0" offset="19" sl="14" sc="9" el="14" ec="9" bec="0" bev="0" fileid="6" />
                <SequencePoint vc="1" uspid="491" ordinal="0" offset="42" sl="15" sc="9" el="15" ec="9" bec="0" bev="0" fileid="6" />
                <SequencePoint vc="1" uspid="492" ordinal="0" offset="51" sl="16" sc="9" el="16" ec="9" bec="0" bev="0" fileid="6" />
                <SequencePoint vc="1" uspid="493" ordinal="0" offset="74" sl="17" sc="9" el="17" ec="9" bec="0" bev="0" fileid="6" />
                <SequencePoint vc="1" uspid="494" ordinal="0" offset="83" sl="18" sc="9" el="18" ec="9" bec="0" bev="0" fileid="6" />
                <SequencePoint vc="1" uspid="495" ordinal="0" offset="90" sl="19" sc="5" el="19" ec="5" bec="0" bev="0" fileid="6" />
              </SequencePoints>
              <BranchPoints />
            </Method>
            <Method visited="true" cyclomaticComplexity="0" nPathComplexity="0" sequenceCoverage="100.0" branchCoverage="0" crapScore="0" isConstructor="false" isStatic="false" isGetter="false" isSetter="false">
              <Summary numSequencePoints="12" visitedSequencePoints="12" numBranchPoints="0" visitedBranchPoints="0" sequenceCoverage="100.0" branchCoverage="0" maxCyclomaticComplexity="0" minCyclomaticComplexity="0" maxCrapScore="0" minCrapScore="0" visitedClasses="0" numClasses="0" visitedMethods="1" numMethods="1" />
              <MetadataToken>100663307</MetadataToken>
              <Name>System.Void GameFieldTests::CrCellPfNull()</Name>
              <FileRef uid="6" />
              <SequencePoints>
                <SequencePoint vc="1" uspid="496" ordinal="0" offset="0" sl="23" sc="5" el="23" ec="5" bec="0" bev="0" fileid="6" />
                <SequencePoint vc="1" uspid="497" ordinal="0" offset="1" sl="24" sc="9" el="24" ec="9" bec="0" bev="0" fileid="6" />
                <SequencePoint vc="1" uspid="498" ordinal="0" offset="12" sl="25" sc="9" el="25" ec="9" bec="0" bev="0" fileid="6" />
                <SequencePoint vc="1" uspid="499" ordinal="0" offset="19" sl="26" sc="9" el="26" ec="9" bec="0" bev="0" fileid="6" />
                <SequencePoint vc="1" uspid="500" ordinal="0" offset="42" sl="27" sc="9" el="27" ec="9" bec="0" bev="0" fileid="6" />
                <SequencePoint vc="1" uspid="501" ordinal="0" offset="51" sl="28" sc="9" el="28" ec="9" bec="0" bev="0" fileid="6" />
                <SequencePoint vc="1" uspid="502" ordinal="0" offset="77" sl="29" sc="9" el="29" ec="9" bec="0" bev="0" fileid="6" />
                <SequencePoint vc="1" uspid="503" ordinal="0" offset="89" sl="30" sc="9" el="30" ec="9" bec="0" bev="0" fileid="6" />
                <SequencePoint vc="1" uspid="504" ordinal="0" offset="96" sl="31" sc="9" el="31" ec="9" bec="0" bev="0" fileid="6" />
                <SequencePoint vc="1" uspid="505" ordinal="0" offset="105" sl="32" sc="9" el="32" ec="9" bec="0" bev="0" fileid="6" />
                <SequencePoint vc="1" uspid="506" ordinal="0" offset="128" sl="33" sc="9" el="33" ec="9" bec="0" bev="0" fileid="6" />
                <SequencePoint vc="1" uspid="507" ordinal="0" offset="135" sl="34" sc="5" el="34" ec="5" bec="0" bev="0" fileid="6" />
              </SequencePoints>
              <BranchPoints />
            </Method>
            <Method visited="true" cyclomaticComplexity="0" nPathComplexity="0" sequenceCoverage="100.0" branchCoverage="0" crapScore="0" isConstructor="false" isStatic="false" isGetter="false" isSetter="false">
              <Summary numSequencePoints="14" visitedSequencePoints="14" numBranchPoints="0" visitedBranchPoints="0" sequenceCoverage="100.0" branchCoverage="0" maxCyclomaticComplexity="0" minCyclomaticComplexity="0" maxCrapScore="0" minCrapScore="0" visitedClasses="0" numClasses="0" visitedMethods="1" numMethods="1" />
              <MetadataToken>100663308</MetadataToken>
              <Name>System.Void GameFieldTests::CrCellNoView()</Name>
              <FileRef uid="6" />
              <SequencePoints>
                <SequencePoint vc="1" uspid="508" ordinal="0" offset="0" sl="38" sc="5" el="38" ec="5" bec="0" bev="0" fileid="6" />
                <SequencePoint vc="1" uspid="509" ordinal="0" offset="1" sl="39" sc="9" el="39" ec="9" bec="0" bev="0" fileid="6" />
                <SequencePoint vc="1" uspid="510" ordinal="0" offset="12" sl="40" sc="9" el="40" ec="9" bec="0" bev="0" fileid="6" />
                <SequencePoint vc="1" uspid="511" ordinal="0" offset="19" sl="41" sc="9" el="41" ec="9" bec="0" bev="0" fileid="6" />
                <SequencePoint vc="1" uspid="512" ordinal="0" offset="42" sl="42" sc="9" el="42" ec="9" bec="0" bev="0" fileid="6" />
                <SequencePoint vc="1" uspid="513" ordinal="0" offset="51" sl="43" sc="9" el="43" ec="9" bec="0" bev="0" fileid="6" />
                <SequencePoint vc="1" uspid="514" ordinal="0" offset="62" sl="44" sc="9" el="44" ec="9" bec="0" bev="0" fileid="6" />
                <SequencePoint vc="1" uspid="515" ordinal="0" offset="88" sl="45" sc="9" el="45" ec="9" bec="0" bev="0" fileid="6" />
                <SequencePoint vc="1" uspid="516" ordinal="0" offset="100" sl="46" sc="9" el="46" ec="9" bec="0" bev="0" fileid="6" />
                <SequencePoint vc="1" uspid="517" ordinal="0" offset="107" sl="47" sc="9" el="47" ec="9" bec="0" bev="0" fileid="6" />
                <SequencePoint vc="1" uspid="518" ordinal="0" offset="117" sl="48" sc="9" el="48" ec="9" bec="0" bev="0" fileid="6" />
                <SequencePoint vc="1" uspid="519" ordinal="0" offset="141" sl="49" sc="9" el="49" ec="9" bec="0" bev="0" fileid="6" />
                <SequencePoint vc="1" uspid="520" ordinal="0" offset="148" sl="50" sc="9" el="50" ec="9" bec="0" bev="0" fileid="6" />
                <SequencePoint vc="1" uspid="521" ordinal="0" offset="155" sl="51" sc="5" el="51" ec="5" bec="0" bev="0" fileid="6" />
              </SequencePoints>
              <BranchPoints />
            </Method>
            <Method visited="true" cyclomaticComplexity="0" nPathComplexity="0" sequenceCoverage="100.0" branchCoverage="0" crapScore="0" isConstructor="false" isStatic="false" isGetter="false" isSetter="false">
              <Summary numSequencePoints="17" visitedSequencePoints="17" numBranchPoints="0" visitedBranchPoints="0" sequenceCoverage="100.0" branchCoverage="0" maxCyclomaticComplexity="0" minCyclomaticComplexity="0" maxCrapScore="0" minCrapScore="0" visitedClasses="0" numClasses="0" visitedMethods="1" numMethods="1" />
              <MetadataToken>100663309</MetadataToken>
              <Name>System.Void GameFieldTests::CrCellRandAbove()</Name>
              <FileRef uid="6" />
              <SequencePoints>
                <SequencePoint vc="1" uspid="522" ordinal="0" offset="0" sl="55" sc="5" el="55" ec="5" bec="0" bev="0" fileid="6" />
                <SequencePoint vc="1" uspid="523" ordinal="0" offset="1" sl="56" sc="9" el="56" ec="9" bec="0" bev="0" fileid="6" />
                <SequencePoint vc="1" uspid="524" ordinal="0" offset="12" sl="57" sc="9" el="57" ec="9" bec="0" bev="0" fileid="6" />
                <SequencePoint vc="1" uspid="525" ordinal="0" offset="19" sl="58" sc="9" el="58" ec="9" bec="0" bev="0" fileid="6" />
                <SequencePoint vc="1" uspid="526" ordinal="0" offset="42" sl="59" sc="9" el="59" ec="9" bec="0" bev="0" fileid="6" />
                <SequencePoint vc="1" uspid="527" ordinal="0" offset="51" sl="60" sc="9" el="60" ec="9" bec="0" bev="0" fileid="6" />
                <SequencePoint vc="1" uspid="528" ordinal="0" offset="62" sl="61" sc="9" el="61" ec="9" bec="0" bev="0" fileid="6" />
                <SequencePoint vc="1" uspid="529" ordinal="0" offset="69" sl="62" sc="9" el="62" ec="9" bec="0" bev="0" fileid="6" />
                <SequencePoint vc="1" uspid="530" ordinal="0" offset="95" sl="63" sc="14" el="63" ec="14" bec="0" bev="0" fileid="6" />
                <SequencePoint vc="20" uspid="531" ordinal="0" offset="100" sl="64" sc="9" el="64" ec="9" bec="0" bev="0" fileid="6" />
                <SequencePoint vc="20" uspid="532" ordinal="0" offset="101" sl="65" sc="13" el="65" ec="13" bec="0" bev="0" fileid="6" />
                <SequencePoint vc="20" uspid="533" ordinal="0" offset="108" sl="66" sc="9" el="66" ec="9" bec="0" bev="0" fileid="6" />
                <SequencePoint vc="20" uspid="534" ordinal="0" offset="109" sl="63" sc="33" el="63" ec="33" bec="0" bev="0" fileid="6" />
                <SequencePoint vc="21" uspid="535" ordinal="0" offset="115" sl="63" sc="25" el="63" ec="25" bec="0" bev="0" fileid="6" />
                <SequencePoint vc="1" uspid="536" ordinal="0" offset="127" sl="67" sc="9" el="67" ec="9" bec="0" bev="0" fileid="6" />
                <SequencePoint vc="1" uspid="537" ordinal="0" offset="134" sl="68" sc="9" el="68" ec="9" bec="0" bev="0" fileid="6" />
                <SequencePoint vc="1" uspid="538" ordinal="0" offset="141" sl="69" sc="5" el="69" ec="5" bec="0" bev="0" fileid="6" />
              </SequencePoints>
              <BranchPoints />
            </Method>
          </Methods>
        </Class>
        <Class>
          <Summary numSequencePoints="3" visitedSequencePoints="3" numBranchPoints="0" visitedBranchPoints="0" sequenceCoverage="100.0" branchCoverage="0.0" maxCyclomaticComplexity="0" minCyclomaticComplexity="0" maxCrapScore="0" minCrapScore="0" visitedClasses="1" numClasses="1" visitedMethods="1" numMethods="1" />
          <FullName>CellTests/&lt;&gt;c__DisplayClass1_0</FullName>
          <Methods>
            <Method visited="true" cyclomaticComplexity="0" nPathComplexity="0" sequenceCoverage="100.0" branchCoverage="0" crapScore="0" isConstructor="false" isStatic="false" isGetter="false" isSetter="false">
              <Summary numSequencePoints="3" visitedSequencePoints="3" numBranchPoints="0" visitedBranchPoints="0" sequenceCoverage="100.0" branchCoverage="0" maxCyclomaticComplexity="0" minCyclomaticComplexity="0" maxCrapScore="0" minCrapScore="0" visitedClasses="0" numClasses="0" visitedMethods="1" numMethods="1" />
              <MetadataToken>100663314</MetadataToken>
              <Name>System.Void CellTests/&lt;&gt;c__DisplayClass1_0::&lt;Cell_SetValue_FiresEvent&gt;b__0(Cell, System.Int32)</Name>
              <FileRef uid="4" />
              <SequencePoints>
                <SequencePoint vc="1" uspid="539" ordinal="0" offset="0" sl="20" sc="44" el="20" ec="44" bec="0" bev="0" fileid="4" />
                <SequencePoint vc="1" uspid="540" ordinal="0" offset="1" sl="20" sc="46" el="20" ec="46" bec="0" bev="0" fileid="4" />
                <SequencePoint vc="1" uspid="541" ordinal="0" offset="8" sl="20" sc="60" el="20" ec="60" bec="0" bev="0" fileid="4" />
              </SequencePoints>
              <BranchPoints />
            </Method>
          </Methods>
        </Class>
        <Class>
          <Summary numSequencePoints="3" visitedSequencePoints="3" numBranchPoints="0" visitedBranchPoints="0" sequenceCoverage="100.0" branchCoverage="0.0" maxCyclomaticComplexity="0" minCyclomaticComplexity="0" maxCrapScore="0" minCrapScore="0" visitedClasses="1" numClasses="1" visitedMethods="1" numMethods="1" />
          <FullName>CellTests/&lt;&gt;c__DisplayClass3_0</FullName>
          <Methods>
            <Method visited="true" cyclomaticComplexity="0" nPathComplexity="0" sequenceCoverage="100.0" branchCoverage="0" crapScore="0" isConstructor="false" isStatic="false" isGetter="false" isSetter="false">
              <Summary numSequencePoints="3" visitedSequencePoints="3" numBranchPoints="0" visitedBranchPoints="0" sequenceCoverage="100.0" branchCoverage="0" maxCyclomaticComplexity="0" minCyclomaticComplexity="0" maxCrapScore="0" minCrapScore="0" visitedClasses="0" numClasses="0" visitedMethods="1" numMethods="1" />
              <MetadataToken>100663318</MetadataToken>
              <Name>System.Void CellTests/&lt;&gt;c__DisplayClass3_0::&lt;Cell_SetPos_FiresEvent&gt;b__0(Cell, UnityEngine.Vector2Int)</Name>
              <FileRef uid="4" />
              <SequencePoints>
                <SequencePoint vc="1" uspid="545" ordinal="0" offset="0" sl="41" sc="47" el="41" ec="47" bec="0" bev="0" fileid="4" />
                <SequencePoint vc="1" uspid="546" ordinal="0" offset="1" sl="41" sc="49" el="41" ec="49" bec="0" bev="0" fileid="4" />
                <SequencePoint vc="1" uspid="547" ordinal="0" offset="8" sl="41" sc="63" el="41" ec="63" bec="0" bev="0" fileid="4" />
              </SequencePoints>
              <BranchPoints />
            </Method>
          </Methods>
        </Class>
      </Classes>
    </Module>
  </Modules>
</CoverageSession>